<?xml version="1.0" encoding="UTF-8"?>
<testng-results skipped="0" failed="0" ignored="0" total="1" passed="1">
  <reporter-output>
  </reporter-output>
  <suite name="Default suite" duration-ms="1170" started-at="2020-08-24T10:15:19 IST" finished-at="2020-08-24T10:15:21 IST">
    <groups>
    </groups>
    <test name="Default test" duration-ms="1170" started-at="2020-08-24T10:15:19 IST" finished-at="2020-08-24T10:15:21 IST">
      <class name="Excel.excelTest">
        <test-method status="PASS" signature="exceldriven()[pri:0, instance:Excel.excelTest@5bc79255]" name="exceldriven" duration-ms="1085" started-at="2020-08-24T10:15:19 IST" finished-at="2020-08-24T10:15:21 IST">
          <reporter-output>
          </reporter-output>
        </test-method> <!-- exceldriven -->
      </class> <!-- Excel.excelTest -->
    </test> <!-- Default test -->
  </suite> <!-- Default suite -->
</testng-results>
